<?xml version="1.0" encoding="UTF-8"?>
<testsuite name="TestSuite" time="75.818" tests="11" errors="0" skipped="0" failures="3">
  <properties>
    <property name="java.runtime.name" value="Java(TM) SE Runtime Environment"/>
    <property name="java.vm.version" value="15.0.1+9-18"/>
    <property name="sun.boot.library.path" value="C:\Program Files\Java\jdk-15.0.1\bin"/>
    <property name="maven.multiModuleProjectDirectory" value="D:\SQA-practice-project\Automation-Selenium\Project\ComputerDatabaseDemo"/>
    <property name="java.vm.vendor" value="Oracle Corporation"/>
    <property name="java.vendor.url" value="https://java.oracle.com/"/>
    <property name="guice.disable.misplaced.annotation.check" value="true"/>
    <property name="path.separator" value=";"/>
    <property name="java.vm.name" value="Java HotSpot(TM) 64-Bit Server VM"/>
    <property name="sun.os.patch.level" value=""/>
    <property name="user.script" value=""/>
    <property name="user.country" value="US"/>
    <property name="sun.java.launcher" value="SUN_STANDARD"/>
    <property name="java.vm.specification.name" value="Java Virtual Machine Specification"/>
    <property name="user.dir" value="D:\SQA-practice-project\Automation-Selenium\Project\ComputerDatabaseDemo"/>
    <property name="java.vm.compressedOopsMode" value="32-bit"/>
    <property name="java.runtime.version" value="15.0.1+9-18"/>
    <property name="os.arch" value="amd64"/>
    <property name="java.io.tmpdir" value="C:\Users\USER\AppData\Local\Temp\"/>
    <property name="line.separator" value="&#10;"/>
    <property name="java.vm.specification.vendor" value="Oracle Corporation"/>
    <property name="user.variant" value=""/>
    <property name="os.name" value="Windows 10"/>
    <property name="classworlds.conf" value="D:\SQA-practice-project\Automation-Selenium\Project\.metadata\.plugins\org.eclipse.m2e.launching\launches\m2conf6867487497270922028.tmp"/>
    <property name="sun.jnu.encoding" value="Cp1252"/>
    <property name="java.library.path" value="C:\Program Files\Java\jdk-15.0.1\bin;C:\Windows\Sun\Java\bin;C:\Windows\system32;C:\Windows;C:\Program Files\Common Files\Oracle\Java\javapath;C:\Program Files (x86)\Rockwell Software\RSCommon;C:\Windows\system32;C:\Windows;C:\Windows\System32\Wbem;C:\Windows\System32\WindowsPowerShell\v1.0\;C:\Windows\System32\OpenSSH\;C:\Program Files\Git\cmd;C:\Program Files\PuTTY\;C:\Program Files\Java\jdk-15.0.1\bin;C:\Program Files\nodejs\;C:\apache-maven-3.6.3\bin;C:\apache-jmeter-5.4.1\bin;E:\Software setup\Python\Python38-32\Scripts\;E:\Software setup\Python\Python38-32\;C:\Users\USER\AppData\Local\Microsoft\WindowsApps;E:\Software setup\vsCode\Microsoft VS Code\bin;C:\Program Files\Java\jdk-15.0.1\bin;C:\src\flutter\flutter\bin;;C:\Program Files\Azure Data Studio\bin;C:\Users\USER\AppData\Roaming\npm;."/>
    <property name="jdk.debug" value="release"/>
    <property name="java.class.version" value="59.0"/>
    <property name="java.specification.name" value="Java Platform API Specification"/>
    <property name="sun.management.compiler" value="HotSpot 64-Bit Tiered Compilers"/>
    <property name="os.version" value="10.0"/>
    <property name="user.home" value="C:\Users\USER"/>
    <property name="user.timezone" value="Asia/Dhaka"/>
    <property name="file.encoding" value="Cp1252"/>
    <property name="java.specification.version" value="15"/>
    <property name="user.name" value="USER"/>
    <property name="java.class.path" value="C:\Users\USER\.p2\pool\plugins\org.eclipse.m2e.maven.runtime_1.16.0.20200610-1735\jars\plexus-classworlds-2.6.0.jar"/>
    <property name="java.vm.specification.version" value="15"/>
    <property name="sun.arch.data.model" value="64"/>
    <property name="sun.java.command" value="org.codehaus.plexus.classworlds.launcher.Launcher -B test"/>
    <property name="java.home" value="C:\Program Files\Java\jdk-15.0.1"/>
    <property name="user.language" value="en"/>
    <property name="java.specification.vendor" value="Oracle Corporation"/>
    <property name="java.vm.info" value="mixed mode, sharing"/>
    <property name="java.version" value="15.0.1"/>
    <property name="java.vendor" value="Oracle Corporation"/>
    <property name="maven.home" value="D:\SQA-practice-project\Automation-Selenium\Project\ComputerDatabaseDemo\EMBEDDED"/>
    <property name="file.separator" value="\"/>
    <property name="java.version.date" value="2020-10-20"/>
    <property name="java.vendor.url.bug" value="https://bugreport.java.com/bugreport/"/>
    <property name="sun.io.unicode.encoding" value="UnicodeLittle"/>
    <property name="sun.cpu.endian" value="little"/>
    <property name="sun.cpu.isalist" value="amd64"/>
  </properties>
  <testcase name="addComputerWithEmptyField" classname="com.ComputerDatabaseDemo.AddComputerTestCases.TC_AC_001" time="6.986"/>
  <testcase name="addComputerWithInvalidInput" classname="com.ComputerDatabaseDemo.AddComputerTestCases.TC_AC_002" time="11.06"/>
  <testcase name="addComputerWithValidInput" classname="com.ComputerDatabaseDemo.AddComputerTestCases.TC_AC_003" time="13.202"/>
  <testcase name="SearchComputerName" classname="com.ComputerDatabaseDemo.AddComputerTestCases.TC_AC_003" time="4.328">
    <failure type="java.lang.AssertionError:">java.lang.AssertionError: null
	at org.testng.Assert.fail(Assert.java:99)
	at org.testng.Assert.fail(Assert.java:106)
	at com.ComputerDatabaseDemo.AddComputerTestCases.TC_AC_003.SearchComputerName(TC_AC_003.java:40)
</failure>
    <system-out><![CDATA[ INFO [main] (TC_AC_003.java:32)- Validation Start...
 INFO [main] (TC_AC_003.java:38)- TC_AC_003 failed
Screenshot Taken
]]></system-out>
  </testcase>
  <testcase name="deleteComputerInfo" classname="com.ComputerDatabaseDemo.DeleteComputerTestCases.TC_DC_001" time="8.488">
    <failure type="java.lang.AssertionError:">java.lang.AssertionError: null
	at org.testng.Assert.fail(Assert.java:99)
	at org.testng.Assert.fail(Assert.java:106)
	at com.ComputerDatabaseDemo.DeleteComputerTestCases.TC_DC_001.deleteComputerInfo(TC_DC_001.java:24)
</failure>
    <system-out><![CDATA[ INFO [main] (BaseClassDC.java:56)- URL is opened
 INFO [main] (TC_DC_001.java:22)- TC_DC_001 failed
Screenshot Taken
]]></system-out>
    <system-err><![CDATA[Starting ChromeDriver 88.0.4324.96 (68dba2d8a0b149a1d3afac56fa74648032bcf46b-refs/branch-heads/4324@{#1784}) on port 20508
Only local connections are allowed.
Please see https://chromedriver.chromium.org/security-considerations for suggestions on keeping ChromeDriver safe.
ChromeDriver was started successfully.
[1617102618.794][WARNING]: This version of ChromeDriver has not been tested with Chrome version 89.
Mar 30, 2021 5:10:18 PM org.openqa.selenium.remote.ProtocolHandshake createSession
INFO: Detected dialect: W3C
]]></system-err>
  </testcase>
  <testcase name="editComputerInfo" classname="com.ComputerDatabaseDemo.EditComputerTestCases.TC_EC_001" time="7.545"/>
  <testcase name="editComputerWithInvalidInput" classname="com.ComputerDatabaseDemo.EditComputerTestCases.TC_EC_002" time="9.702"/>
  <testcase name="editComputerWithValidInput" classname="com.ComputerDatabaseDemo.EditComputerTestCases.TC_EC_003" time="8.329"/>
  <testcase name="SearchComputerNewName" classname="com.ComputerDatabaseDemo.EditComputerTestCases.TC_EC_003" time="4.254">
    <failure type="java.lang.AssertionError:">java.lang.AssertionError: null
	at org.testng.Assert.fail(Assert.java:99)
	at org.testng.Assert.fail(Assert.java:106)
	at com.ComputerDatabaseDemo.EditComputerTestCases.TC_EC_003.SearchComputerNewName(TC_EC_003.java:41)
</failure>
    <system-out><![CDATA[ INFO [main] (TC_EC_003.java:33)- Validation Start...
 INFO [main] (TC_EC_003.java:39)- TC_EC_003 failed
Screenshot Taken
]]></system-out>
  </testcase>
  <testcase name="searchByEmptyField" classname="com.ComputerDatabaseDemo.FilterComputerTestCases.TC_FC_001" time="0.358"/>
  <testcase name="searchByValidInput" classname="com.ComputerDatabaseDemo.FilterComputerTestCases.TC_FC_002" time="1.566"/>
</testsuite>