<?xml version="1.0" encoding="UTF-8"?>
<testng-results ignored="0" total="4" passed="3" failed="1" skipped="0">
  <reporter-output>
  </reporter-output>
  <suite started-at="2021-03-28T18:45:15 BDT" name="ComputerDatabaseDemo" finished-at="2021-03-28T18:45:52 BDT" duration-ms="36874">
    <groups>
    </groups>
    <test started-at="2021-03-28T18:45:15 BDT" name="ComputerDatabaseDemo Test" finished-at="2021-03-28T18:45:52 BDT" duration-ms="36874">
      <class name="com.ComputerDatabaseDemo.AddComputerTestCases.TC_AC_001">
        <test-method is-config="true" signature="setUp(java.lang.String)[pri:0, instance:com.ComputerDatabaseDemo.AddComputerTestCases.TC_AC_001@5cdd8682]" started-at="2021-03-28T18:45:16 BDT" name="setUp" finished-at="2021-03-28T18:45:20 BDT" duration-ms="4277" status="PASS">
          <params>
            <param index="0">
              <value>
                <![CDATA[chrome]]>
              </value>
            </param>
          </params>
          <reporter-output>
          </reporter-output>
        </test-method> <!-- setUp -->
        <test-method signature="addComputerWithEmptyField()[pri:1, instance:com.ComputerDatabaseDemo.AddComputerTestCases.TC_AC_001@5cdd8682]" started-at="2021-03-28T18:45:20 BDT" name="addComputerWithEmptyField" finished-at="2021-03-28T18:45:24 BDT" duration-ms="3773" status="PASS">
          <reporter-output>
          </reporter-output>
        </test-method> <!-- addComputerWithEmptyField -->
        <test-method is-config="true" signature="tearDown()[pri:0, instance:com.ComputerDatabaseDemo.AddComputerTestCases.TC_AC_001@5cdd8682]" started-at="2021-03-28T18:45:24 BDT" name="tearDown" finished-at="2021-03-28T18:45:25 BDT" duration-ms="863" status="PASS">
          <reporter-output>
          </reporter-output>
        </test-method> <!-- tearDown -->
      </class> <!-- com.ComputerDatabaseDemo.AddComputerTestCases.TC_AC_001 -->
      <class name="com.ComputerDatabaseDemo.AddComputerTestCases.TC_AC_002">
        <test-method is-config="true" signature="setUp(java.lang.String)[pri:0, instance:com.ComputerDatabaseDemo.AddComputerTestCases.TC_AC_002@d6da883]" started-at="2021-03-28T18:45:25 BDT" name="setUp" finished-at="2021-03-28T18:45:29 BDT" duration-ms="3981" status="PASS">
          <params>
            <param index="0">
              <value>
                <![CDATA[chrome]]>
              </value>
            </param>
          </params>
          <reporter-output>
          </reporter-output>
        </test-method> <!-- setUp -->
        <test-method signature="addComputerWithInvalidInput()[pri:1, instance:com.ComputerDatabaseDemo.AddComputerTestCases.TC_AC_002@d6da883]" started-at="2021-03-28T18:45:29 BDT" name="addComputerWithInvalidInput" finished-at="2021-03-28T18:45:36 BDT" duration-ms="6876" status="PASS">
          <reporter-output>
          </reporter-output>
        </test-method> <!-- addComputerWithInvalidInput -->
        <test-method is-config="true" signature="tearDown()[pri:0, instance:com.ComputerDatabaseDemo.AddComputerTestCases.TC_AC_002@d6da883]" started-at="2021-03-28T18:45:36 BDT" name="tearDown" finished-at="2021-03-28T18:45:36 BDT" duration-ms="852" status="PASS">
          <reporter-output>
          </reporter-output>
        </test-method> <!-- tearDown -->
      </class> <!-- com.ComputerDatabaseDemo.AddComputerTestCases.TC_AC_002 -->
      <class name="com.ComputerDatabaseDemo.AddComputerTestCases.TC_AC_003">
        <test-method is-config="true" signature="setUp(java.lang.String)[pri:0, instance:com.ComputerDatabaseDemo.AddComputerTestCases.TC_AC_003@45afc369]" started-at="2021-03-28T18:45:36 BDT" name="setUp" finished-at="2021-03-28T18:45:41 BDT" duration-ms="4496" status="PASS">
          <params>
            <param index="0">
              <value>
                <![CDATA[chrome]]>
              </value>
            </param>
          </params>
          <reporter-output>
          </reporter-output>
        </test-method> <!-- setUp -->
        <test-method signature="addComputerWithValidInput()[pri:1, instance:com.ComputerDatabaseDemo.AddComputerTestCases.TC_AC_003@45afc369]" started-at="2021-03-28T18:45:41 BDT" name="addComputerWithValidInput" finished-at="2021-03-28T18:45:48 BDT" duration-ms="6629" status="PASS">
          <reporter-output>
          </reporter-output>
        </test-method> <!-- addComputerWithValidInput -->
        <test-method signature="SearchComputerName()[pri:2, instance:com.ComputerDatabaseDemo.AddComputerTestCases.TC_AC_003@45afc369]" started-at="2021-03-28T18:45:48 BDT" name="SearchComputerName" finished-at="2021-03-28T18:45:51 BDT" duration-ms="3160" status="FAIL">
          <exception class="java.lang.AssertionError">
            <message>
              <![CDATA[null]]>
            </message>
            <full-stacktrace>
              <![CDATA[java.lang.AssertionError: null
at org.testng.Assert.fail(Assert.java:99)
at org.testng.Assert.fail(Assert.java:106)
at com.ComputerDatabaseDemo.AddComputerTestCases.TC_AC_003.SearchComputerName(TC_AC_003.java:40)
at java.base/jdk.internal.reflect.NativeMethodAccessorImpl.invoke0(Native Method)
at java.base/jdk.internal.reflect.NativeMethodAccessorImpl.invoke(NativeMethodAccessorImpl.java:64)
at java.base/jdk.internal.reflect.DelegatingMethodAccessorImpl.invoke(DelegatingMethodAccessorImpl.java:43)
at java.base/java.lang.reflect.Method.invoke(Method.java:564)
at org.testng.internal.MethodInvocationHelper.invokeMethod(MethodInvocationHelper.java:132)
at org.testng.internal.TestInvoker.invokeMethod(TestInvoker.java:599)
at org.testng.internal.TestInvoker.invokeTestMethod(TestInvoker.java:174)
at org.testng.internal.MethodRunner.runInSequence(MethodRunner.java:46)
at org.testng.internal.TestInvoker$MethodInvocationAgent.invoke(TestInvoker.java:822)
at org.testng.internal.TestInvoker.invokeTestMethods(TestInvoker.java:147)
at org.testng.internal.TestMethodWorker.invokeTestMethods(TestMethodWorker.java:146)
at org.testng.internal.TestMethodWorker.run(TestMethodWorker.java:128)
at java.base/java.util.ArrayList.forEach(ArrayList.java:1511)
at org.testng.TestRunner.privateRun(TestRunner.java:764)
at org.testng.TestRunner.run(TestRunner.java:585)
at org.testng.SuiteRunner.runTest(SuiteRunner.java:384)
at org.testng.SuiteRunner.runSequentially(SuiteRunner.java:378)
at org.testng.SuiteRunner.privateRun(SuiteRunner.java:337)
at org.testng.SuiteRunner.run(SuiteRunner.java:286)
at org.testng.SuiteRunnerWorker.runSuite(SuiteRunnerWorker.java:53)
at org.testng.SuiteRunnerWorker.run(SuiteRunnerWorker.java:96)
at org.testng.TestNG.runSuitesSequentially(TestNG.java:1218)
at org.testng.TestNG.runSuitesLocally(TestNG.java:1140)
at org.testng.TestNG.runSuites(TestNG.java:1069)
at org.testng.TestNG.run(TestNG.java:1037)
at org.apache.maven.surefire.testng.TestNGExecutor.run(TestNGExecutor.java:295)
at org.apache.maven.surefire.testng.TestNGXmlTestSuite.execute(TestNGXmlTestSuite.java:84)
at org.apache.maven.surefire.testng.TestNGProvider.invoke(TestNGProvider.java:90)
at org.apache.maven.surefire.booter.ForkedBooter.invokeProviderInSameClassLoader(ForkedBooter.java:203)
at org.apache.maven.surefire.booter.ForkedBooter.runSuitesInProcess(ForkedBooter.java:155)
at org.apache.maven.surefire.booter.ForkedBooter.main(ForkedBooter.java:103)
]]>
            </full-stacktrace>
          </exception> <!-- java.lang.AssertionError -->
          <reporter-output>
          </reporter-output>
        </test-method> <!-- SearchComputerName -->
        <test-method is-config="true" signature="tearDown()[pri:0, instance:com.ComputerDatabaseDemo.AddComputerTestCases.TC_AC_003@45afc369]" started-at="2021-03-28T18:45:51 BDT" name="tearDown" finished-at="2021-03-28T18:45:52 BDT" duration-ms="1583" status="PASS">
          <reporter-output>
          </reporter-output>
        </test-method> <!-- tearDown -->
      </class> <!-- com.ComputerDatabaseDemo.AddComputerTestCases.TC_AC_003 -->
    </test> <!-- ComputerDatabaseDemo Test -->
  </suite> <!-- ComputerDatabaseDemo -->
</testng-results>
